This is XeTeX, Version 3.141592653-2.6-0.999995 (TeX Live 2023) (preloaded format=xelatex 2023.4.6)  20 JUL 2023 13:26
entering extended mode
 restricted \write18 enabled.
 %&-line parsing enabled.
**灵枢.tex
(./灵枢.tex
LaTeX2e <2022-11-01> patch level 1
L3 programming layer <2023-03-30>
(c:/texlive/2023/texmf-dist/tex/latex/ctex/ctexbook.cls
(c:/texlive/2023/texmf-dist/tex/latex/ctex/config/ctexbackend.cfg
File: ctexbackend.cfg 2022/07/14 v2.5.10 Backend configuration file (CTEX)
)
(c:/texlive/2023/texmf-dist/tex/latex/l3kernel/expl3.sty
Package: expl3 2023-03-30 L3 programming layer (loader) 

(c:/texlive/2023/texmf-dist/tex/latex/l3backend/l3backend-xetex.def
File: l3backend-xetex.def 2023-03-30 L3 backend support: XeTeX
\g__graphics_track_int=\count181
\l__pdf_internal_box=\box51
\g__pdf_backend_object_int=\count182
\g__pdf_backend_annotation_int=\count183
\g__pdf_backend_link_int=\count184
))
Document Class: ctexbook 2022/07/14 v2.5.10 Chinese adapter for class book (CTE
X)
(c:/texlive/2023/texmf-dist/tex/latex/ctex/ctexhook.sty
Package: ctexhook 2022/07/14 v2.5.10 Document and package hooks (CTEX)
)
(c:/texlive/2023/texmf-dist/tex/latex/ctex/ctexpatch.sty
Package: ctexpatch 2022/07/14 v2.5.10 Patching commands (CTEX)
)
(c:/texlive/2023/texmf-dist/tex/latex/base/fix-cm.sty
Package: fix-cm 2020/11/24 v1.1t fixes to LaTeX

(c:/texlive/2023/texmf-dist/tex/latex/base/ts1enc.def
File: ts1enc.def 2001/06/05 v3.0e (jk/car/fm) Standard LaTeX file
LaTeX Font Info:    Redeclaring font encoding TS1 on input line 47.
))
\l__ctex_tmp_int=\count185
\l__ctex_tmp_box=\box52
\l__ctex_tmp_dim=\dimen140
\g__ctex_section_depth_int=\count186
\g__ctex_font_size_int=\count187

(c:/texlive/2023/texmf-dist/tex/latex/ctex/config/ctexopts.cfg
File: ctexopts.cfg 2022/07/14 v2.5.10 Option configuration file (CTEX)
)
(c:/texlive/2023/texmf-dist/tex/latex/base/book.cls
Document Class: book 2022/07/02 v1.4n Standard LaTeX document class
(c:/texlive/2023/texmf-dist/tex/latex/base/bk12.clo
File: bk12.clo 2022/07/02 v1.4n Standard LaTeX file (size option)
)
\c@part=\count188
\c@chapter=\count189
\c@section=\count190
\c@subsection=\count191
\c@subsubsection=\count192
\c@paragraph=\count193
\c@subparagraph=\count194
\c@figure=\count195
\c@table=\count196
\abovecaptionskip=\skip48
\belowcaptionskip=\skip49
\bibindent=\dimen141
)
(c:/texlive/2023/texmf-dist/tex/latex/ctex/engine/ctex-engine-xetex.def
File: ctex-engine-xetex.def 2022/07/14 v2.5.10 XeLaTeX adapter (CTEX)

(c:/texlive/2023/texmf-dist/tex/xelatex/xecjk/xeCJK.sty
Package: xeCJK 2022/08/05 v3.9.1 Typesetting CJK scripts with XeLaTeX

(c:/texlive/2023/texmf-dist/tex/latex/l3packages/xtemplate/xtemplate.sty
Package: xtemplate 2023-02-02 L3 Experimental prototype document functions
\l__xtemplate_tmp_dim=\dimen142
\l__xtemplate_tmp_int=\count197
\l__xtemplate_tmp_muskip=\muskip16
\l__xtemplate_tmp_skip=\skip50
)
\l__xeCJK_tmp_int=\count198
\l__xeCJK_tmp_box=\box53
\l__xeCJK_tmp_dim=\dimen143
\l__xeCJK_tmp_skip=\skip51
\g__xeCJK_space_factor_int=\count199
\l__xeCJK_begin_int=\count266
\l__xeCJK_end_int=\count267
\c__xeCJK_CJK_class_int=\XeTeXcharclass1
\c__xeCJK_FullLeft_class_int=\XeTeXcharclass2
\c__xeCJK_FullRight_class_int=\XeTeXcharclass3
\c__xeCJK_HalfLeft_class_int=\XeTeXcharclass4
\c__xeCJK_HalfRight_class_int=\XeTeXcharclass5
\c__xeCJK_NormalSpace_class_int=\XeTeXcharclass6
\c__xeCJK_CM_class_int=\XeTeXcharclass7
\c__xeCJK_HangulJamo_class_int=\XeTeXcharclass8
\l__xeCJK_last_skip=\skip52
\c__xeCJK_none_node=\count268
\g__xeCJK_node_int=\count269
\c__xeCJK_CJK_node_dim=\dimen144
\c__xeCJK_CJK-space_node_dim=\dimen145
\c__xeCJK_default_node_dim=\dimen146
\c__xeCJK_CJK-widow_node_dim=\dimen147
\c__xeCJK_normalspace_node_dim=\dimen148
\c__xeCJK_default-space_node_skip=\skip53
\l__xeCJK_ccglue_skip=\skip54
\l__xeCJK_ecglue_skip=\skip55
\l__xeCJK_punct_kern_skip=\skip56
\l__xeCJK_indent_box=\box54
\l__xeCJK_last_penalty_int=\count270
\l__xeCJK_last_bound_dim=\dimen149
\l__xeCJK_last_kern_dim=\dimen150
\l__xeCJK_widow_penalty_int=\count271

Package xtemplate Info: Declaring object type 'xeCJK/punctuation' taking 0
(xtemplate)             argument(s) on line 2396.

\l__xeCJK_fixed_punct_width_dim=\dimen151
\l__xeCJK_mixed_punct_width_dim=\dimen152
\l__xeCJK_middle_punct_width_dim=\dimen153
\l__xeCJK_fixed_margin_width_dim=\dimen154
\l__xeCJK_mixed_margin_width_dim=\dimen155
\l__xeCJK_middle_margin_width_dim=\dimen156
\l__xeCJK_bound_punct_width_dim=\dimen157
\l__xeCJK_bound_margin_width_dim=\dimen158
\l__xeCJK_margin_minimum_dim=\dimen159
\l__xeCJK_kerning_total_width_dim=\dimen160
\l__xeCJK_same_align_margin_dim=\dimen161
\l__xeCJK_different_align_margin_dim=\dimen162
\l__xeCJK_kerning_margin_width_dim=\dimen163
\l__xeCJK_kerning_margin_minimum_dim=\dimen164
\l__xeCJK_bound_dim=\dimen165
\l__xeCJK_reverse_bound_dim=\dimen166
\l__xeCJK_margin_dim=\dimen167
\l__xeCJK_minimum_bound_dim=\dimen168
\l__xeCJK_kerning_margin_dim=\dimen169
\g__xeCJK_family_int=\count272
\l__xeCJK_fam_int=\count273
\g__xeCJK_fam_allocation_int=\count274
\l__xeCJK_verb_case_int=\count275
\l__xeCJK_verb_exspace_skip=\skip57

(c:/texlive/2023/texmf-dist/tex/latex/fontspec/fontspec.sty
(c:/texlive/2023/texmf-dist/tex/latex/l3packages/xparse/xparse.sty
Package: xparse 2023-02-02 L3 Experimental document command parser
)
Package: fontspec 2022/01/15 v2.8a Font selection for XeLaTeX and LuaLaTeX

(c:/texlive/2023/texmf-dist/tex/latex/fontspec/fontspec-xetex.sty
Package: fontspec-xetex 2022/01/15 v2.8a Font selection for XeLaTeX and LuaLaTe
X
\l__fontspec_script_int=\count276
\l__fontspec_language_int=\count277
\l__fontspec_strnum_int=\count278
\l__fontspec_tmp_int=\count279
\l__fontspec_tmpa_int=\count280
\l__fontspec_tmpb_int=\count281
\l__fontspec_tmpc_int=\count282
\l__fontspec_em_int=\count283
\l__fontspec_emdef_int=\count284
\l__fontspec_strong_int=\count285
\l__fontspec_strongdef_int=\count286
\l__fontspec_tmpa_dim=\dimen170
\l__fontspec_tmpb_dim=\dimen171
\l__fontspec_tmpc_dim=\dimen172

(c:/texlive/2023/texmf-dist/tex/latex/base/fontenc.sty
Package: fontenc 2021/04/29 v2.0v Standard LaTeX package
)
(c:/texlive/2023/texmf-dist/tex/latex/fontspec/fontspec.cfg)))
(c:/texlive/2023/texmf-dist/tex/xelatex/xecjk/xeCJK.cfg
File: xeCJK.cfg 2022/08/05 v3.9.1 Configuration file for xeCJK package
))
\ccwd=\dimen173
\l__ctex_ccglue_skip=\skip58
)
\l__ctex_ziju_dim=\dimen174

(c:/texlive/2023/texmf-dist/tex/latex/zhnumber/zhnumber.sty
Package: zhnumber 2022/07/14 v3.0 Typesetting numbers with Chinese glyphs
\l__zhnum_scale_int=\count287
\l__zhnum_tmp_int=\count288

(c:/texlive/2023/texmf-dist/tex/latex/zhnumber/zhnumber-utf8.cfg
File: zhnumber-utf8.cfg 2022/07/14 v3.0 Chinese numerals with UTF8 encoding
))
\l__ctex_heading_skip=\skip59

(c:/texlive/2023/texmf-dist/tex/latex/ctex/scheme/ctex-scheme-chinese-book.def
File: ctex-scheme-chinese-book.def 2022/07/14 v2.5.10 Chinese scheme for book (
CTEX)

(c:/texlive/2023/texmf-dist/tex/latex/ctex/config/ctex-name-utf8.cfg
File: ctex-name-utf8.cfg 2022/07/14 v2.5.10 Caption with encoding UTF-8 (CTEX)
))
(c:/texlive/2023/texmf-dist/tex/latex/ctex/fontset/ctex-fontset-windows.def
File: ctex-fontset-windows.def 2022/07/14 v2.5.10 Windows fonts definition (CTE
X)

Package fontspec Info: Could not resolve font "KaiTi/B" (it probably doesn't
(fontspec)             exist).


Package fontspec Info: Could not resolve font "SimHei/I" (it probably doesn't
(fontspec)             exist).


Package fontspec Info: Could not resolve font "SimSun/BI" (it probably doesn't
(fontspec)             exist).


Package fontspec Info: Font family 'SimSun(0)' created for font 'SimSun' with
(fontspec)             options
(fontspec)             [Script={CJK},BoldFont={SimHei},ItalicFont={KaiTi}].
(fontspec)              
(fontspec)              This font family consists of the following NFSS
(fontspec)             series/shapes:
(fontspec)              
(fontspec)             - 'normal' (m/n) with NFSS spec.:
(fontspec)             <->"SimSun/OT:script=hani;language=dflt;"
(fontspec)             - 'small caps'  (m/sc) with NFSS spec.: 
(fontspec)             - 'bold' (b/n) with NFSS spec.:
(fontspec)             <->"SimHei/OT:script=hani;language=dflt;"
(fontspec)             - 'bold small caps'  (b/sc) with NFSS spec.: 
(fontspec)             - 'italic' (m/it) with NFSS spec.:
(fontspec)             <->"KaiTi/OT:script=hani;language=dflt;"
(fontspec)             - 'italic small caps'  (m/scit) with NFSS spec.: 

))
(c:/texlive/2023/texmf-dist/tex/latex/ctex/config/ctex.cfg
File: ctex.cfg 2022/07/14 v2.5.10 Configuration file (CTEX)
)
(c:/texlive/2023/texmf-dist/tex/latex/geometry/geometry.sty
Package: geometry 2020/01/02 v5.9 Page Geometry

(c:/texlive/2023/texmf-dist/tex/latex/graphics/keyval.sty
Package: keyval 2022/05/29 v1.15 key=value parser (DPC)
\KV@toks@=\toks16
)
(c:/texlive/2023/texmf-dist/tex/generic/iftex/ifvtex.sty
Package: ifvtex 2019/10/25 v1.7 ifvtex legacy package. Use iftex instead.

(c:/texlive/2023/texmf-dist/tex/generic/iftex/iftex.sty
Package: iftex 2022/02/03 v1.0f TeX engine tests
))
\Gm@cnth=\count289
\Gm@cntv=\count290
\c@Gm@tempcnt=\count291
\Gm@bindingoffset=\dimen175
\Gm@wd@mp=\dimen176
\Gm@odd@mp=\dimen177
\Gm@even@mp=\dimen178
\Gm@layoutwidth=\dimen179
\Gm@layoutheight=\dimen180
\Gm@layouthoffset=\dimen181
\Gm@layoutvoffset=\dimen182
\Gm@dimlist=\toks17
)
(c:/texlive/2023/texmf-dist/tex/latex/titlesec/titletoc.sty
Package: titletoc 2021/07/05 v2.14 TOC entries
\ttl@leftsep=\dimen183
)

Package xeCJK Warning: Redefining CJKfamily `\CJKrmdefault' (SimSun(0)).

(./灵枢.aux)
\openout1 = `灵枢.aux'.

LaTeX Font Info:    Checking defaults for OML/cmm/m/it on input line 47.
LaTeX Font Info:    ... okay on input line 47.
LaTeX Font Info:    Checking defaults for OMS/cmsy/m/n on input line 47.
LaTeX Font Info:    ... okay on input line 47.
LaTeX Font Info:    Checking defaults for OT1/cmr/m/n on input line 47.
LaTeX Font Info:    ... okay on input line 47.
LaTeX Font Info:    Checking defaults for T1/cmr/m/n on input line 47.
LaTeX Font Info:    ... okay on input line 47.
LaTeX Font Info:    Checking defaults for TS1/cmr/m/n on input line 47.
LaTeX Font Info:    ... okay on input line 47.
LaTeX Font Info:    Checking defaults for TU/lmr/m/n on input line 47.
LaTeX Font Info:    ... okay on input line 47.
LaTeX Font Info:    Checking defaults for OMX/cmex/m/n on input line 47.
LaTeX Font Info:    ... okay on input line 47.
LaTeX Font Info:    Checking defaults for U/cmr/m/n on input line 47.
LaTeX Font Info:    ... okay on input line 47.

Package fontspec Info: Adjusting the maths setup (use [no-math] to avoid
(fontspec)             this).

\symlegacymaths=\mathgroup4
LaTeX Font Info:    Overwriting symbol font `legacymaths' in version `bold'
(Font)                  OT1/cmr/m/n --> OT1/cmr/bx/n on input line 47.
LaTeX Font Info:    Redeclaring math accent \acute on input line 47.
LaTeX Font Info:    Redeclaring math accent \grave on input line 47.
LaTeX Font Info:    Redeclaring math accent \ddot on input line 47.
LaTeX Font Info:    Redeclaring math accent \tilde on input line 47.
LaTeX Font Info:    Redeclaring math accent \bar on input line 47.
LaTeX Font Info:    Redeclaring math accent \breve on input line 47.
LaTeX Font Info:    Redeclaring math accent \check on input line 47.
LaTeX Font Info:    Redeclaring math accent \hat on input line 47.
LaTeX Font Info:    Redeclaring math accent \dot on input line 47.
LaTeX Font Info:    Redeclaring math accent \mathring on input line 47.
LaTeX Font Info:    Redeclaring math symbol \colon on input line 47.
LaTeX Font Info:    Redeclaring math symbol \Gamma on input line 47.
LaTeX Font Info:    Redeclaring math symbol \Delta on input line 47.
LaTeX Font Info:    Redeclaring math symbol \Theta on input line 47.
LaTeX Font Info:    Redeclaring math symbol \Lambda on input line 47.
LaTeX Font Info:    Redeclaring math symbol \Xi on input line 47.
LaTeX Font Info:    Redeclaring math symbol \Pi on input line 47.
LaTeX Font Info:    Redeclaring math symbol \Sigma on input line 47.
LaTeX Font Info:    Redeclaring math symbol \Upsilon on input line 47.
LaTeX Font Info:    Redeclaring math symbol \Phi on input line 47.
LaTeX Font Info:    Redeclaring math symbol \Psi on input line 47.
LaTeX Font Info:    Redeclaring math symbol \Omega on input line 47.
LaTeX Font Info:    Redeclaring math symbol \mathdollar on input line 47.
LaTeX Font Info:    Redeclaring symbol font `operators' on input line 47.
LaTeX Font Info:    Encoding `OT1' has changed to `TU' for symbol font
(Font)              `operators' in the math version `normal' on input line 47.
LaTeX Font Info:    Overwriting symbol font `operators' in version `normal'
(Font)                  OT1/cmr/m/n --> TU/lmr/m/n on input line 47.
LaTeX Font Info:    Encoding `OT1' has changed to `TU' for symbol font
(Font)              `operators' in the math version `bold' on input line 47.
LaTeX Font Info:    Overwriting symbol font `operators' in version `bold'
(Font)                  OT1/cmr/bx/n --> TU/lmr/m/n on input line 47.
LaTeX Font Info:    Overwriting symbol font `operators' in version `normal'
(Font)                  TU/lmr/m/n --> TU/lmr/m/n on input line 47.
LaTeX Font Info:    Overwriting math alphabet `\mathit' in version `normal'
(Font)                  OT1/cmr/m/it --> TU/lmr/m/it on input line 47.
LaTeX Font Info:    Overwriting math alphabet `\mathbf' in version `normal'
(Font)                  OT1/cmr/bx/n --> TU/lmr/b/n on input line 47.
LaTeX Font Info:    Overwriting math alphabet `\mathsf' in version `normal'
(Font)                  OT1/cmss/m/n --> TU/lmss/m/n on input line 47.
LaTeX Font Info:    Overwriting math alphabet `\mathtt' in version `normal'
(Font)                  OT1/cmtt/m/n --> TU/lmtt/m/n on input line 47.
LaTeX Font Info:    Overwriting symbol font `operators' in version `bold'
(Font)                  TU/lmr/m/n --> TU/lmr/b/n on input line 47.
LaTeX Font Info:    Overwriting math alphabet `\mathit' in version `bold'
(Font)                  OT1/cmr/bx/it --> TU/lmr/b/it on input line 47.
LaTeX Font Info:    Overwriting math alphabet `\mathsf' in version `bold'
(Font)                  OT1/cmss/bx/n --> TU/lmss/b/n on input line 47.
LaTeX Font Info:    Overwriting math alphabet `\mathtt' in version `bold'
(Font)                  OT1/cmtt/m/n --> TU/lmtt/b/n on input line 47.

*geometry* driver: auto-detecting
*geometry* detected driver: xetex
*geometry* verbose mode - [ preamble ] result:
* driver: xetex
* paper: a4paper
* layout: <same size as paper>
* layoutoffset:(h,v)=(0.0pt,0.0pt)
* modes: twoside 
* h-part:(L,W,R)=(72.26999pt, 434.90039pt, 90.3375pt)
* v-part:(T,H,B)=(101.40665pt, 591.5302pt, 152.11pt)
* \paperwidth=597.50787pt
* \paperheight=845.04684pt
* \textwidth=434.90039pt
* \textheight=591.5302pt
* \oddsidemargin=0.0pt
* \evensidemargin=18.0675pt
* \topmargin=-2.73714pt
* \headheight=12.0pt
* \headsep=19.8738pt
* \topskip=12.0pt
* \footskip=30.0pt
* \marginparwidth=88.0pt
* \marginparsep=7.0pt
* \columnsep=10.0pt
* \skip\footins=10.8pt plus 4.0pt minus 2.0pt
* \hoffset=0.0pt
* \voffset=0.0pt
* \mag=1000
* \@twocolumnfalse
* \@twosidetrue
* \@mparswitchtrue
* \@reversemarginfalse
* (1in=72.27pt=25.4mm, 1cm=28.453pt)


Package fontspec Info: Could not resolve font "SimHei/BI" (it probably doesn't
(fontspec)             exist).


Package fontspec Info: Could not resolve font "SimHei/B" (it probably doesn't
(fontspec)             exist).


Package fontspec Info: Could not resolve font "SimHei/I" (it probably doesn't
(fontspec)             exist).


Package fontspec Info: Font family 'SimHei(0)' created for font 'SimHei' with
(fontspec)             options [Script={CJK}].
(fontspec)              
(fontspec)              This font family consists of the following NFSS
(fontspec)             series/shapes:
(fontspec)              
(fontspec)             - 'normal' (m/n) with NFSS spec.:
(fontspec)             <->"SimHei/OT:script=hani;language=dflt;"
(fontspec)             - 'small caps'  (m/sc) with NFSS spec.: 

LaTeX Font Info:    External font `cmex10' loaded for size
(Font)              <14.4> on input line 48.
LaTeX Font Info:    External font `cmex10' loaded for size
(Font)              <7> on input line 48.

LaTeX Warning: No \author given.

[1


] [2

] (./灵枢.toc [3]
LaTeX Font Info:    Font shape `TU/SimSun(0)/m/sl' in size <12> not available
(Font)              Font shape `TU/SimSun(0)/m/it' tried instead on input line 
34.
 [4]
Overfull \hbox (1.66797pt too wide) detected at line 38
 \TU/lmr/bx/n/12 101
 []


Overfull \hbox (1.66797pt too wide) detected at line 39
 \TU/lmr/bx/n/12 103
 []


Overfull \hbox (1.66797pt too wide) detected at line 40
 \TU/lmr/bx/n/12 105
 []


Overfull \hbox (1.66797pt too wide) detected at line 41
 \TU/lmr/bx/n/12 107
 []


Overfull \hbox (1.66797pt too wide) detected at line 42
 \TU/lmr/bx/n/12 109
 []


Overfull \hbox (1.66797pt too wide) detected at line 43
 \TU/lmr/bx/n/12 111
 []


Overfull \hbox (1.66797pt too wide) detected at line 44
 \TU/lmr/bx/n/12 113
 []


Overfull \hbox (1.66797pt too wide) detected at line 45
 \TU/lmr/bx/n/12 115
 []


Overfull \hbox (1.66797pt too wide) detected at line 46
 \TU/lmr/bx/n/12 117
 []


Overfull \hbox (1.66797pt too wide) detected at line 47
 \TU/lmr/bx/n/12 121
 []


Overfull \hbox (1.66797pt too wide) detected at line 48
 \TU/lmr/bx/n/12 123
 []


Overfull \hbox (1.66797pt too wide) detected at line 50
 \TU/lmr/bx/n/12 127
 []


Overfull \hbox (1.66797pt too wide) detected at line 51
 \TU/lmr/bx/n/12 129
 []


Overfull \hbox (1.66797pt too wide) detected at line 52
 \TU/lmr/bx/n/12 131
 []

[5]
Overfull \hbox (1.66797pt too wide) detected at line 53
 \TU/lmr/bx/n/12 133
 []


Overfull \hbox (1.66797pt too wide) detected at line 54
 \TU/lmr/bx/n/12 135
 []


Overfull \hbox (1.66797pt too wide) detected at line 55
 \TU/lmr/bx/n/12 137
 []


Overfull \hbox (1.66797pt too wide) detected at line 56
 \TU/lmr/bx/n/12 139
 []


Overfull \hbox (1.66797pt too wide) detected at line 58
 \TU/lmr/bx/n/12 145
 []


Overfull \hbox (1.66797pt too wide) detected at line 59
 \TU/lmr/bx/n/12 147
 []


Overfull \hbox (1.66797pt too wide) detected at line 60
 \TU/lmr/bx/n/12 151
 []


Overfull \hbox (1.66797pt too wide) detected at line 61
 \TU/lmr/bx/n/12 153
 []


Overfull \hbox (1.66797pt too wide) detected at line 62
 \TU/lmr/bx/n/12 155
 []


Overfull \hbox (1.66797pt too wide) detected at line 63
 \TU/lmr/bx/n/12 157
 []


Overfull \hbox (1.66797pt too wide) detected at line 64
 \TU/lmr/bx/n/12 159
 []


Overfull \hbox (1.66797pt too wide) detected at line 65
 \TU/lmr/bx/n/12 161
 []


Overfull \hbox (1.66797pt too wide) detected at line 66
 \TU/lmr/bx/n/12 163
 []


Overfull \hbox (1.66797pt too wide) detected at line 68
 \TU/lmr/bx/n/12 167
 []


Overfull \hbox (1.66797pt too wide) detected at line 69
 \TU/lmr/bx/n/12 169
 []


Overfull \hbox (1.66797pt too wide) detected at line 70
 \TU/lmr/bx/n/12 171
 []


Overfull \hbox (1.66797pt too wide) detected at line 71
 \TU/lmr/bx/n/12 173
 []

[6]
Overfull \hbox (1.66797pt too wide) detected at line 72
 \TU/lmr/bx/n/12 175
 []


Overfull \hbox (1.66797pt too wide) detected at line 73
 \TU/lmr/bx/n/12 177
 []


Overfull \hbox (1.66797pt too wide) detected at line 74
 \TU/lmr/bx/n/12 179
 []


Overfull \hbox (1.66797pt too wide) detected at line 75
 \TU/lmr/bx/n/12 181
 []


Overfull \hbox (1.66797pt too wide) detected at line 77
 \TU/lmr/bx/n/12 187
 []


Overfull \hbox (1.66797pt too wide) detected at line 78
 \TU/lmr/bx/n/12 189
 []


Overfull \hbox (1.66797pt too wide) detected at line 79
 \TU/lmr/bx/n/12 191
 []


Overfull \hbox (1.66797pt too wide) detected at line 80
 \TU/lmr/bx/n/12 193
 []


Overfull \hbox (1.66797pt too wide) detected at line 81
 \TU/lmr/bx/n/12 195
 []


Overfull \hbox (1.66797pt too wide) detected at line 82
 \TU/lmr/bx/n/12 197
 []


Overfull \hbox (1.66797pt too wide) detected at line 83
 \TU/lmr/bx/n/12 199
 []


Overfull \hbox (1.66797pt too wide) detected at line 84
 \TU/lmr/bx/n/12 203
 []


Overfull \hbox (1.66797pt too wide) detected at line 86
 \TU/lmr/bx/n/12 209
 []


Overfull \hbox (1.66797pt too wide) detected at line 87
 \TU/lmr/bx/n/12 211
 []


Overfull \hbox (1.66797pt too wide) detected at line 88
 \TU/lmr/bx/n/12 213
 []


Overfull \hbox (1.66797pt too wide) detected at line 89
 \TU/lmr/bx/n/12 219
 []


Overfull \hbox (1.66797pt too wide) detected at line 90
 \TU/lmr/bx/n/12 221
 []

[7]
Overfull \hbox (1.66797pt too wide) detected at line 92
 \TU/lmr/bx/n/12 225
 []


Overfull \hbox (1.66797pt too wide) detected at line 93
 \TU/lmr/bx/n/12 229
 []


Overfull \hbox (1.66797pt too wide) detected at line 94
 \TU/lmr/bx/n/12 233
 []


Overfull \hbox (1.66797pt too wide) detected at line 95
 \TU/lmr/bx/n/12 235
 []

)
\tf@toc=\write3
\openout3 = `灵枢.toc'.

 [8] [1


] [2

]
Underfull \hbox (badness 10000) in paragraph at lines 63--64

 []

[3] [4

] [1

] [2]
第一篇
LaTeX Font Info:    External font `cmex10' loaded for size
(Font)              <14.05249> on input line 74.
LaTeX Font Info:    External font `cmex10' loaded for size
(Font)              <10.53937> on input line 74.
LaTeX Font Info:    External font `cmex10' loaded for size
(Font)              <7.52812> on input line 74.
LaTeX Font Info:    External font `cmex10' loaded for size
(Font)              <5> on input line 74.

Underfull \vbox (badness 2418) has occurred while \output is active []

 [3

]
Underfull \vbox (badness 1237) has occurred while \output is active []

 [4]
[5]
Underfull \vbox (badness 1708) has occurred while \output is active []

 [6]
[7] [8

]
第二篇
[9] [10] [11] [12]
第三篇

Underfull \vbox (badness 1412) has occurred while \output is active []

 [13

]
[14]
第四篇
[15

] [16] [17] [18] [19] [20] [21

] [22]
第五篇

Underfull \vbox (badness 1412) has occurred while \output is active []

 [23

]
[24] [25] [26

]
第六篇
[27] [28] [29] [30

]
第七篇

Underfull \vbox (badness 1412) has occurred while \output is active []

 [31]
[32]
第八篇

Underfull \vbox (badness 3525) has occurred while \output is active []

 [33

]
[34]
第九篇
[35

] [36] [37] [38] [39] [40

] [41] [42]
第十篇
[43

]
Underfull \vbox (badness 2573) has occurred while \output is active []

 [44]
[45] [46] [47] [48] [49] [50] [51] [52]
第十一篇
[53

] [54]
第十二篇

Underfull \vbox (badness 1412) has occurred while \output is active []

 [55

]
[56] [57

] [58]
第十三篇

Underfull \vbox (badness 2753) has occurred while \output is active []

 [59

]
Underfull \vbox (badness 1360) has occurred while \output is active []

 [60]
[61] [62]
第十四篇
[63

] [64]
第十五篇
[65

] [66

]
第十六篇
[67] [68

]
第十七篇
[69] [70]
第十八篇
[71

] [72]
第十九篇
[73

] [74] [75

] [76]
第二十篇
[77

] [78

]
第二十一篇
[79] [80]
第二十二篇
[81

] [82]
第二十三篇
[83

] [84]
第二十四篇
[85

] [86]
第二十五篇
[87

] [88

]
第二十六篇
[89] [90]
第二十七篇
[91

] [92

]
第二十八篇
[93] [94] [95

] [96]
第二十九篇
[97

] [98] [99] [100

]
第三十篇
[101] [102

]
第三十一篇
[103] [104

]
第三十二篇
[105] [106

]
第三十三篇
[107] [108]
第三十四篇
[109

] [110

]
第三十五篇

Underfull \vbox (badness 1424) has occurred while \output is active []

 [111]
[112]
第三十六篇
[113

] [114

]
第三十七篇
[115] [116

]
第三十八篇

Underfull \vbox (badness 2717) has occurred while \output is active []

 [117]
[118] [119] [120

]
第三十九篇
[121] [122

]
第四十篇
[123] [124

] [125] [126]
第四十一篇
[127

] [128

]
第四十二篇
[129] [130]
第四十三篇
[131

] [132

]
第四十四篇
[133] [134]
第四十五篇
[135

] [136

]
第四十六篇

Underfull \vbox (badness 1424) has occurred while \output is active []

 [137]
[138]
第四十七篇
[139

]

Package fontspec Info: Could not resolve font "SimSun-ExtB/BI" (it probably
(fontspec)             doesn't exist).


Package fontspec Info: Could not resolve font "SimSun-ExtB/B" (it probably
(fontspec)             doesn't exist).


Package fontspec Info: Could not resolve font "SimSun-ExtB/I" (it probably
(fontspec)             doesn't exist).


Package fontspec Info: Font family 'SimSun-ExtB(0)' created for font
(fontspec)             'SimSun-ExtB' with options [Script={CJK}].
(fontspec)              
(fontspec)              This font family consists of the following NFSS
(fontspec)             series/shapes:
(fontspec)              
(fontspec)             - 'normal' (m/n) with NFSS spec.:
(fontspec)             <->"SimSun-ExtB/OT:script=hani;language=dflt;"
(fontspec)             - 'small caps'  (m/sc) with NFSS spec.: 



LaTeX Font Warning: Font shape `TU/SimSun-ExtB(0)/b/n' undefined
(Font)              using `TU/SimSun-ExtB(0)/m/n' instead on input line 2570.

[140] [141] [142] [143

] [144]
第四十八篇

Underfull \vbox (badness 1424) has occurred while \output is active []

 [145

]
[146]
第四十九篇
[147

] [148] [149] [150]
第五十篇
[151

] [152

]
第五十一篇
[153] [154

]
第五十二篇
[155] [156

]
第五十三篇
[157] [158

]
第五十四篇
[159] [160]
第五十五篇
[161

] [162

]
第五十六篇
[163] [164

] [165] [166]
第五十七篇
[167

] [168

]
第五十八篇
[169] [170

]
第五十九篇
[171] [172]
第六十篇
[173

] [174]
第六十一篇
[175

] [176

]
第六十二篇
[177] [178

]
第六十三篇
[179] [180]
第六十四篇

Underfull \vbox (badness 2261) has occurred while \output is active []

 [181

]
[182] [183] [184

] [185] [186]
第六十五篇

Underfull \vbox (badness 2261) has occurred while \output is active []

 [187

]
[188]
第六十六篇

Underfull \vbox (badness 3907) has occurred while \output is active []

 [189

]
[190]
第六十七篇
[191

] [192

]
第六十八篇
[193] [194

]
第六十九篇
[195] [196

]
第七十篇
[197] [198

]
第七十一篇

Underfull \vbox (badness 7631) has occurred while \output is active []

 [199]
[200] [201] [202

]
第七十二篇
[203] [204] [205] [206

] [207] [208]
第七十三篇

Underfull \vbox (badness 1412) has occurred while \output is active []

 [209

]
[210]
第七十四篇
[211

] [212]
第七十五篇
[213

] [214] [215] [216] [217] [218

]
第七十六篇

Underfull \vbox (badness 1412) has occurred while \output is active []

 [219]
[220]
第七十七篇

Underfull \vbox (badness 1412) has occurred while \output is active []

 [221

]
[222] [223

] [224]
第七十八篇
[225

] [226] [227] [228]
第七十九篇
[229

] [230] [231] [232

]
第八十篇
[233] [234]
第八十一篇
[235

] [236] [237] (./灵枢.aux)

LaTeX Font Warning: Some font shapes were not available, defaults substituted.

 ) 
Here is how much of TeX's memory you used:
 8152 strings out of 476675
 250879 string characters out of 5807327
 1868290 words of memory out of 5000000
 28330 multiletter control sequences out of 15000+600000
 517915 words of font info for 87 fonts, out of 8000000 for 9000
 1348 hyphenation exceptions out of 8191
 89i,8n,97p,645b,378s stack positions out of 10000i,1000n,20000p,200000b,200000s

Output written on 灵枢.pdf (249 pages).
