This is XeTeX, Version 3.141592653-2.6-0.999995 (TeX Live 2023) (preloaded format=xelatex 2023.9.11)  15 SEP 2023 17:58
entering extended mode
 restricted \write18 enabled.
 %&-line parsing enabled.
**素问.tex
(./素问.tex
LaTeX2e <2023-06-01> patch level 1
L3 programming layer <2023-08-29>
(c:/texlive/2023/texmf-dist/tex/latex/ctex/ctexbook.cls
(c:/texlive/2023/texmf-dist/tex/latex/ctex/config/ctexbackend.cfg
File: ctexbackend.cfg 2022/07/14 v2.5.10 Backend configuration file (CTEX)
)
(c:/texlive/2023/texmf-dist/tex/latex/l3kernel/expl3.sty
Package: expl3 2023-08-29 L3 programming layer (loader) 

(c:/texlive/2023/texmf-dist/tex/latex/l3backend/l3backend-xetex.def
File: l3backend-xetex.def 2023-04-19 L3 backend support: XeTeX
\g__graphics_track_int=\count181
\l__pdf_internal_box=\box51
\g__pdf_backend_object_int=\count182
\g__pdf_backend_annotation_int=\count183
\g__pdf_backend_link_int=\count184
))
Document Class: ctexbook 2022/07/14 v2.5.10 Chinese adapter for class book (CTE
X)
(c:/texlive/2023/texmf-dist/tex/latex/ctex/ctexhook.sty
Package: ctexhook 2022/07/14 v2.5.10 Document and package hooks (CTEX)
)
(c:/texlive/2023/texmf-dist/tex/latex/ctex/ctexpatch.sty
Package: ctexpatch 2022/07/14 v2.5.10 Patching commands (CTEX)
)
(c:/texlive/2023/texmf-dist/tex/latex/base/fix-cm.sty
Package: fix-cm 2020/11/24 v1.1t fixes to LaTeX

(c:/texlive/2023/texmf-dist/tex/latex/base/ts1enc.def
File: ts1enc.def 2001/06/05 v3.0e (jk/car/fm) Standard LaTeX file
LaTeX Font Info:    Redeclaring font encoding TS1 on input line 47.
))
\l__ctex_tmp_int=\count185
\l__ctex_tmp_box=\box52
\l__ctex_tmp_dim=\dimen140
\g__ctex_section_depth_int=\count186
\g__ctex_font_size_int=\count187

(c:/texlive/2023/texmf-dist/tex/latex/ctex/config/ctexopts.cfg
File: ctexopts.cfg 2022/07/14 v2.5.10 Option configuration file (CTEX)
)
(c:/texlive/2023/texmf-dist/tex/latex/base/book.cls
Document Class: book 2023/05/17 v1.4n Standard LaTeX document class
(c:/texlive/2023/texmf-dist/tex/latex/base/bk12.clo
File: bk12.clo 2023/05/17 v1.4n Standard LaTeX file (size option)
)
\c@part=\count188
\c@chapter=\count189
\c@section=\count190
\c@subsection=\count191
\c@subsubsection=\count192
\c@paragraph=\count193
\c@subparagraph=\count194
\c@figure=\count195
\c@table=\count196
\abovecaptionskip=\skip48
\belowcaptionskip=\skip49
\bibindent=\dimen141
)
(c:/texlive/2023/texmf-dist/tex/latex/ctex/engine/ctex-engine-xetex.def
File: ctex-engine-xetex.def 2022/07/14 v2.5.10 XeLaTeX adapter (CTEX)

(c:/texlive/2023/texmf-dist/tex/xelatex/xecjk/xeCJK.sty
Package: xeCJK 2022/08/05 v3.9.1 Typesetting CJK scripts with XeLaTeX

(c:/texlive/2023/texmf-dist/tex/latex/l3packages/xtemplate/xtemplate.sty
Package: xtemplate 2023-08-29 L3 Experimental prototype document functions
\l__xtemplate_tmp_dim=\dimen142
\l__xtemplate_tmp_int=\count197
\l__xtemplate_tmp_muskip=\muskip16
\l__xtemplate_tmp_skip=\skip50
)
\l__xeCJK_tmp_int=\count198
\l__xeCJK_tmp_box=\box53
\l__xeCJK_tmp_dim=\dimen143
\l__xeCJK_tmp_skip=\skip51
\g__xeCJK_space_factor_int=\count199
\l__xeCJK_begin_int=\count266
\l__xeCJK_end_int=\count267
\c__xeCJK_CJK_class_int=\XeTeXcharclass1
\c__xeCJK_FullLeft_class_int=\XeTeXcharclass2
\c__xeCJK_FullRight_class_int=\XeTeXcharclass3
\c__xeCJK_HalfLeft_class_int=\XeTeXcharclass4
\c__xeCJK_HalfRight_class_int=\XeTeXcharclass5
\c__xeCJK_NormalSpace_class_int=\XeTeXcharclass6
\c__xeCJK_CM_class_int=\XeTeXcharclass7
\c__xeCJK_HangulJamo_class_int=\XeTeXcharclass8
\l__xeCJK_last_skip=\skip52
\c__xeCJK_none_node=\count268
\g__xeCJK_node_int=\count269
\c__xeCJK_CJK_node_dim=\dimen144
\c__xeCJK_CJK-space_node_dim=\dimen145
\c__xeCJK_default_node_dim=\dimen146
\c__xeCJK_CJK-widow_node_dim=\dimen147
\c__xeCJK_normalspace_node_dim=\dimen148
\c__xeCJK_default-space_node_skip=\skip53
\l__xeCJK_ccglue_skip=\skip54
\l__xeCJK_ecglue_skip=\skip55
\l__xeCJK_punct_kern_skip=\skip56
\l__xeCJK_indent_box=\box54
\l__xeCJK_last_penalty_int=\count270
\l__xeCJK_last_bound_dim=\dimen149
\l__xeCJK_last_kern_dim=\dimen150
\l__xeCJK_widow_penalty_int=\count271

Package xtemplate Info: Declaring object type 'xeCJK/punctuation' taking 0
(xtemplate)             argument(s) on line 2396.

\l__xeCJK_fixed_punct_width_dim=\dimen151
\l__xeCJK_mixed_punct_width_dim=\dimen152
\l__xeCJK_middle_punct_width_dim=\dimen153
\l__xeCJK_fixed_margin_width_dim=\dimen154
\l__xeCJK_mixed_margin_width_dim=\dimen155
\l__xeCJK_middle_margin_width_dim=\dimen156
\l__xeCJK_bound_punct_width_dim=\dimen157
\l__xeCJK_bound_margin_width_dim=\dimen158
\l__xeCJK_margin_minimum_dim=\dimen159
\l__xeCJK_kerning_total_width_dim=\dimen160
\l__xeCJK_same_align_margin_dim=\dimen161
\l__xeCJK_different_align_margin_dim=\dimen162
\l__xeCJK_kerning_margin_width_dim=\dimen163
\l__xeCJK_kerning_margin_minimum_dim=\dimen164
\l__xeCJK_bound_dim=\dimen165
\l__xeCJK_reverse_bound_dim=\dimen166
\l__xeCJK_margin_dim=\dimen167
\l__xeCJK_minimum_bound_dim=\dimen168
\l__xeCJK_kerning_margin_dim=\dimen169
\g__xeCJK_family_int=\count272
\l__xeCJK_fam_int=\count273
\g__xeCJK_fam_allocation_int=\count274
\l__xeCJK_verb_case_int=\count275
\l__xeCJK_verb_exspace_skip=\skip57

(c:/texlive/2023/texmf-dist/tex/latex/fontspec/fontspec.sty
(c:/texlive/2023/texmf-dist/tex/latex/l3packages/xparse/xparse.sty
Package: xparse 2023-08-29 L3 Experimental document command parser
)
Package: fontspec 2022/01/15 v2.8a Font selection for XeLaTeX and LuaLaTeX

(c:/texlive/2023/texmf-dist/tex/latex/fontspec/fontspec-xetex.sty
Package: fontspec-xetex 2022/01/15 v2.8a Font selection for XeLaTeX and LuaLaTe
X
\l__fontspec_script_int=\count276
\l__fontspec_language_int=\count277
\l__fontspec_strnum_int=\count278
\l__fontspec_tmp_int=\count279
\l__fontspec_tmpa_int=\count280
\l__fontspec_tmpb_int=\count281
\l__fontspec_tmpc_int=\count282
\l__fontspec_em_int=\count283
\l__fontspec_emdef_int=\count284
\l__fontspec_strong_int=\count285
\l__fontspec_strongdef_int=\count286
\l__fontspec_tmpa_dim=\dimen170
\l__fontspec_tmpb_dim=\dimen171
\l__fontspec_tmpc_dim=\dimen172

(c:/texlive/2023/texmf-dist/tex/latex/base/fontenc.sty
Package: fontenc 2021/04/29 v2.0v Standard LaTeX package
)
(c:/texlive/2023/texmf-dist/tex/latex/fontspec/fontspec.cfg)))
(c:/texlive/2023/texmf-dist/tex/xelatex/xecjk/xeCJK.cfg
File: xeCJK.cfg 2022/08/05 v3.9.1 Configuration file for xeCJK package
))
\ccwd=\dimen173
\l__ctex_ccglue_skip=\skip58
)
\l__ctex_ziju_dim=\dimen174

(c:/texlive/2023/texmf-dist/tex/latex/zhnumber/zhnumber.sty
Package: zhnumber 2022/07/14 v3.0 Typesetting numbers with Chinese glyphs
\l__zhnum_scale_int=\count287
\l__zhnum_tmp_int=\count288

(c:/texlive/2023/texmf-dist/tex/latex/zhnumber/zhnumber-utf8.cfg
File: zhnumber-utf8.cfg 2022/07/14 v3.0 Chinese numerals with UTF8 encoding
))
\l__ctex_heading_skip=\skip59

(c:/texlive/2023/texmf-dist/tex/latex/ctex/scheme/ctex-scheme-chinese-book.def
File: ctex-scheme-chinese-book.def 2022/07/14 v2.5.10 Chinese scheme for book (
CTEX)

(c:/texlive/2023/texmf-dist/tex/latex/ctex/config/ctex-name-utf8.cfg
File: ctex-name-utf8.cfg 2022/07/14 v2.5.10 Caption with encoding UTF-8 (CTEX)
))
(c:/texlive/2023/texmf-dist/tex/latex/ctex/fontset/ctex-fontset-windows.def
File: ctex-fontset-windows.def 2022/07/14 v2.5.10 Windows fonts definition (CTE
X)

Package fontspec Info: Could not resolve font "KaiTi/B" (it probably doesn't
(fontspec)             exist).


Package fontspec Info: Could not resolve font "SimHei/I" (it probably doesn't
(fontspec)             exist).


Package fontspec Info: Could not resolve font "SimSun/BI" (it probably doesn't
(fontspec)             exist).


Package fontspec Info: Font family 'SimSun(0)' created for font 'SimSun' with
(fontspec)             options
(fontspec)             [Script={CJK},BoldFont={SimHei},ItalicFont={KaiTi}].
(fontspec)              
(fontspec)              This font family consists of the following NFSS
(fontspec)             series/shapes:
(fontspec)              
(fontspec)             - 'normal' (m/n) with NFSS spec.:
(fontspec)             <->"SimSun/OT:script=hani;language=dflt;"
(fontspec)             - 'small caps'  (m/sc) with NFSS spec.: 
(fontspec)             - 'bold' (b/n) with NFSS spec.:
(fontspec)             <->"SimHei/OT:script=hani;language=dflt;"
(fontspec)             - 'bold small caps'  (b/sc) with NFSS spec.: 
(fontspec)             - 'italic' (m/it) with NFSS spec.:
(fontspec)             <->"KaiTi/OT:script=hani;language=dflt;"
(fontspec)             - 'italic small caps'  (m/scit) with NFSS spec.: 

))
(c:/texlive/2023/texmf-dist/tex/latex/ctex/config/ctex.cfg
File: ctex.cfg 2022/07/14 v2.5.10 Configuration file (CTEX)
)
(c:/texlive/2023/texmf-dist/tex/latex/geometry/geometry.sty
Package: geometry 2020/01/02 v5.9 Page Geometry

(c:/texlive/2023/texmf-dist/tex/latex/graphics/keyval.sty
Package: keyval 2022/05/29 v1.15 key=value parser (DPC)
\KV@toks@=\toks17
)
(c:/texlive/2023/texmf-dist/tex/generic/iftex/ifvtex.sty
Package: ifvtex 2019/10/25 v1.7 ifvtex legacy package. Use iftex instead.

(c:/texlive/2023/texmf-dist/tex/generic/iftex/iftex.sty
Package: iftex 2022/02/03 v1.0f TeX engine tests
))
\Gm@cnth=\count289
\Gm@cntv=\count290
\c@Gm@tempcnt=\count291
\Gm@bindingoffset=\dimen175
\Gm@wd@mp=\dimen176
\Gm@odd@mp=\dimen177
\Gm@even@mp=\dimen178
\Gm@layoutwidth=\dimen179
\Gm@layoutheight=\dimen180
\Gm@layouthoffset=\dimen181
\Gm@layoutvoffset=\dimen182
\Gm@dimlist=\toks18
)
(c:/texlive/2023/texmf-dist/tex/latex/titlesec/titletoc.sty
Package: titletoc 2021/07/05 v2.14 TOC entries
\ttl@leftsep=\dimen183
)

Package xeCJK Warning: Redefining CJKfamily `\CJKrmdefault' (SimSun(0)).

(./素问.aux)
\openout1 = `素问.aux'.

LaTeX Font Info:    Checking defaults for OML/cmm/m/it on input line 47.
LaTeX Font Info:    ... okay on input line 47.
LaTeX Font Info:    Checking defaults for OMS/cmsy/m/n on input line 47.
LaTeX Font Info:    ... okay on input line 47.
LaTeX Font Info:    Checking defaults for OT1/cmr/m/n on input line 47.
LaTeX Font Info:    ... okay on input line 47.
LaTeX Font Info:    Checking defaults for T1/cmr/m/n on input line 47.
LaTeX Font Info:    ... okay on input line 47.
LaTeX Font Info:    Checking defaults for TS1/cmr/m/n on input line 47.
LaTeX Font Info:    ... okay on input line 47.
LaTeX Font Info:    Checking defaults for TU/lmr/m/n on input line 47.
LaTeX Font Info:    ... okay on input line 47.
LaTeX Font Info:    Checking defaults for OMX/cmex/m/n on input line 47.
LaTeX Font Info:    ... okay on input line 47.
LaTeX Font Info:    Checking defaults for U/cmr/m/n on input line 47.
LaTeX Font Info:    ... okay on input line 47.

Package fontspec Info: Adjusting the maths setup (use [no-math] to avoid
(fontspec)             this).

\symlegacymaths=\mathgroup4
LaTeX Font Info:    Overwriting symbol font `legacymaths' in version `bold'
(Font)                  OT1/cmr/m/n --> OT1/cmr/bx/n on input line 47.
LaTeX Font Info:    Redeclaring math accent \acute on input line 47.
LaTeX Font Info:    Redeclaring math accent \grave on input line 47.
LaTeX Font Info:    Redeclaring math accent \ddot on input line 47.
LaTeX Font Info:    Redeclaring math accent \tilde on input line 47.
LaTeX Font Info:    Redeclaring math accent \bar on input line 47.
LaTeX Font Info:    Redeclaring math accent \breve on input line 47.
LaTeX Font Info:    Redeclaring math accent \check on input line 47.
LaTeX Font Info:    Redeclaring math accent \hat on input line 47.
LaTeX Font Info:    Redeclaring math accent \dot on input line 47.
LaTeX Font Info:    Redeclaring math accent \mathring on input line 47.
LaTeX Font Info:    Redeclaring math symbol \colon on input line 47.
LaTeX Font Info:    Redeclaring math symbol \Gamma on input line 47.
LaTeX Font Info:    Redeclaring math symbol \Delta on input line 47.
LaTeX Font Info:    Redeclaring math symbol \Theta on input line 47.
LaTeX Font Info:    Redeclaring math symbol \Lambda on input line 47.
LaTeX Font Info:    Redeclaring math symbol \Xi on input line 47.
LaTeX Font Info:    Redeclaring math symbol \Pi on input line 47.
LaTeX Font Info:    Redeclaring math symbol \Sigma on input line 47.
LaTeX Font Info:    Redeclaring math symbol \Upsilon on input line 47.
LaTeX Font Info:    Redeclaring math symbol \Phi on input line 47.
LaTeX Font Info:    Redeclaring math symbol \Psi on input line 47.
LaTeX Font Info:    Redeclaring math symbol \Omega on input line 47.
LaTeX Font Info:    Redeclaring math symbol \mathdollar on input line 47.
LaTeX Font Info:    Redeclaring symbol font `operators' on input line 47.
LaTeX Font Info:    Encoding `OT1' has changed to `TU' for symbol font
(Font)              `operators' in the math version `normal' on input line 47.
LaTeX Font Info:    Overwriting symbol font `operators' in version `normal'
(Font)                  OT1/cmr/m/n --> TU/lmr/m/n on input line 47.
LaTeX Font Info:    Encoding `OT1' has changed to `TU' for symbol font
(Font)              `operators' in the math version `bold' on input line 47.
LaTeX Font Info:    Overwriting symbol font `operators' in version `bold'
(Font)                  OT1/cmr/bx/n --> TU/lmr/m/n on input line 47.
LaTeX Font Info:    Overwriting symbol font `operators' in version `normal'
(Font)                  TU/lmr/m/n --> TU/lmr/m/n on input line 47.
LaTeX Font Info:    Overwriting math alphabet `\mathit' in version `normal'
(Font)                  OT1/cmr/m/it --> TU/lmr/m/it on input line 47.
LaTeX Font Info:    Overwriting math alphabet `\mathbf' in version `normal'
(Font)                  OT1/cmr/bx/n --> TU/lmr/b/n on input line 47.
LaTeX Font Info:    Overwriting math alphabet `\mathsf' in version `normal'
(Font)                  OT1/cmss/m/n --> TU/lmss/m/n on input line 47.
LaTeX Font Info:    Overwriting math alphabet `\mathtt' in version `normal'
(Font)                  OT1/cmtt/m/n --> TU/lmtt/m/n on input line 47.
LaTeX Font Info:    Overwriting symbol font `operators' in version `bold'
(Font)                  TU/lmr/m/n --> TU/lmr/b/n on input line 47.
LaTeX Font Info:    Overwriting math alphabet `\mathit' in version `bold'
(Font)                  OT1/cmr/bx/it --> TU/lmr/b/it on input line 47.
LaTeX Font Info:    Overwriting math alphabet `\mathsf' in version `bold'
(Font)                  OT1/cmss/bx/n --> TU/lmss/b/n on input line 47.
LaTeX Font Info:    Overwriting math alphabet `\mathtt' in version `bold'
(Font)                  OT1/cmtt/m/n --> TU/lmtt/b/n on input line 47.

*geometry* driver: auto-detecting
*geometry* detected driver: xetex
*geometry* verbose mode - [ preamble ] result:
* driver: xetex
* paper: a4paper
* layout: <same size as paper>
* layoutoffset:(h,v)=(0.0pt,0.0pt)
* modes: twoside 
* h-part:(L,W,R)=(72.26999pt, 434.90039pt, 90.3375pt)
* v-part:(T,H,B)=(101.40665pt, 591.5302pt, 152.11pt)
* \paperwidth=597.50787pt
* \paperheight=845.04684pt
* \textwidth=434.90039pt
* \textheight=591.5302pt
* \oddsidemargin=0.0pt
* \evensidemargin=18.0675pt
* \topmargin=-2.73714pt
* \headheight=12.0pt
* \headsep=19.8738pt
* \topskip=12.0pt
* \footskip=30.0pt
* \marginparwidth=88.0pt
* \marginparsep=7.0pt
* \columnsep=10.0pt
* \skip\footins=10.8pt plus 4.0pt minus 2.0pt
* \hoffset=0.0pt
* \voffset=0.0pt
* \mag=1000
* \@twocolumnfalse
* \@twosidetrue
* \@mparswitchtrue
* \@reversemarginfalse
* (1in=72.27pt=25.4mm, 1cm=28.453pt)


Package fontspec Info: Could not resolve font "SimHei/BI" (it probably doesn't
(fontspec)             exist).


Package fontspec Info: Could not resolve font "SimHei/B" (it probably doesn't
(fontspec)             exist).


Package fontspec Info: Could not resolve font "SimHei/I" (it probably doesn't
(fontspec)             exist).


Package fontspec Info: Font family 'SimHei(0)' created for font 'SimHei' with
(fontspec)             options [Script={CJK}].
(fontspec)              
(fontspec)              This font family consists of the following NFSS
(fontspec)             series/shapes:
(fontspec)              
(fontspec)             - 'normal' (m/n) with NFSS spec.:
(fontspec)             <->"SimHei/OT:script=hani;language=dflt;"
(fontspec)             - 'small caps'  (m/sc) with NFSS spec.: 

LaTeX Font Info:    External font `cmex10' loaded for size
(Font)              <14.4> on input line 48.
LaTeX Font Info:    External font `cmex10' loaded for size
(Font)              <7> on input line 48.

LaTeX Warning: No \author given.

[1


] [2

] (./素问.toc [3]
Overfull \hbox (1.66797pt too wide) detected at line 25
 \TU/lmr/bx/n/12 103
 []


Overfull \hbox (1.66797pt too wide) detected at line 27
 \TU/lmr/bx/n/12 111
 []


Overfull \hbox (1.66797pt too wide) detected at line 28
 \TU/lmr/bx/n/12 123
 []


Overfull \hbox (1.66797pt too wide) detected at line 30
 \TU/lmr/bx/n/12 131
 []


Overfull \hbox (1.66797pt too wide) detected at line 31
 \TU/lmr/bx/n/12 135
 []


Overfull \hbox (1.66797pt too wide) detected at line 32
 \TU/lmr/bx/n/12 141
 []

LaTeX Font Info:    Font shape `TU/SimSun(0)/m/sl' in size <12> not available
(Font)              Font shape `TU/SimSun(0)/m/it' tried instead on input line 
33.
[4]
Overfull \hbox (1.66797pt too wide) detected at line 33
 \TU/lmr/bx/n/12 143
 []


Overfull \hbox (1.66797pt too wide) detected at line 35
 \TU/lmr/bx/n/12 147
 []


Overfull \hbox (1.66797pt too wide) detected at line 36
 \TU/lmr/bx/n/12 151
 []


Overfull \hbox (1.66797pt too wide) detected at line 37
 \TU/lmr/bx/n/12 157
 []


Overfull \hbox (1.66797pt too wide) detected at line 38
 \TU/lmr/bx/n/12 161
 []


Overfull \hbox (1.66797pt too wide) detected at line 39
 \TU/lmr/bx/n/12 167
 []


Overfull \hbox (1.66797pt too wide) detected at line 40
 \TU/lmr/bx/n/12 169
 []


Overfull \hbox (1.66797pt too wide) detected at line 42
 \TU/lmr/bx/n/12 173
 []


Overfull \hbox (1.66797pt too wide) detected at line 43
 \TU/lmr/bx/n/12 177
 []


Overfull \hbox (1.66797pt too wide) detected at line 44
 \TU/lmr/bx/n/12 181
 []


Overfull \hbox (1.66797pt too wide) detected at line 45
 \TU/lmr/bx/n/12 185
 []


Overfull \hbox (1.66797pt too wide) detected at line 47
 \TU/lmr/bx/n/12 191
 []


Overfull \hbox (1.66797pt too wide) detected at line 48
 \TU/lmr/bx/n/12 197
 []


Overfull \hbox (1.66797pt too wide) detected at line 49
 \TU/lmr/bx/n/12 201
 []


Overfull \hbox (1.66797pt too wide) detected at line 50
 \TU/lmr/bx/n/12 203
 []

[5]
Overfull \hbox (1.66797pt too wide) detected at line 52
 \TU/lmr/bx/n/12 209
 []


Overfull \hbox (1.66797pt too wide) detected at line 53
 \TU/lmr/bx/n/12 213
 []


Overfull \hbox (1.66797pt too wide) detected at line 54
 \TU/lmr/bx/n/12 217
 []


Overfull \hbox (1.66797pt too wide) detected at line 56
 \TU/lmr/bx/n/12 223
 []


Overfull \hbox (1.66797pt too wide) detected at line 57
 \TU/lmr/bx/n/12 227
 []


Overfull \hbox (1.66797pt too wide) detected at line 58
 \TU/lmr/bx/n/12 233
 []


Overfull \hbox (1.66797pt too wide) detected at line 59
 \TU/lmr/bx/n/12 237
 []


Overfull \hbox (1.66797pt too wide) detected at line 61
 \TU/lmr/bx/n/12 243
 []


Overfull \hbox (1.66797pt too wide) detected at line 62
 \TU/lmr/bx/n/12 247
 []


Overfull \hbox (1.66797pt too wide) detected at line 63
 \TU/lmr/bx/n/12 251
 []


Overfull \hbox (1.66797pt too wide) detected at line 64
 \TU/lmr/bx/n/12 255
 []


Overfull \hbox (1.66797pt too wide) detected at line 66
 \TU/lmr/bx/n/12 261
 []


Overfull \hbox (1.66797pt too wide) detected at line 67
 \TU/lmr/bx/n/12 263
 []


Overfull \hbox (1.66797pt too wide) detected at line 68
 \TU/lmr/bx/n/12 265
 []

[6]
Overfull \hbox (1.66797pt too wide) detected at line 69
 \TU/lmr/bx/n/12 267
 []


Overfull \hbox (1.66797pt too wide) detected at line 70
 \TU/lmr/bx/n/12 269
 []


Overfull \hbox (1.66797pt too wide) detected at line 71
 \TU/lmr/bx/n/12 273
 []


Overfull \hbox (1.66797pt too wide) detected at line 73
 \TU/lmr/bx/n/12 279
 []


Overfull \hbox (1.66797pt too wide) detected at line 74
 \TU/lmr/bx/n/12 283
 []


Overfull \hbox (1.66797pt too wide) detected at line 75
 \TU/lmr/bx/n/12 285
 []


Overfull \hbox (1.66797pt too wide) detected at line 76
 \TU/lmr/bx/n/12 289
 []


Overfull \hbox (1.66797pt too wide) detected at line 78
 \TU/lmr/bx/n/12 295
 []


Overfull \hbox (1.66797pt too wide) detected at line 79
 \TU/lmr/bx/n/12 299
 []


Overfull \hbox (1.66797pt too wide) detected at line 81
 \TU/lmr/bx/n/12 305
 []


Overfull \hbox (1.66797pt too wide) detected at line 83
 \TU/lmr/bx/n/12 319
 []


Overfull \hbox (1.66797pt too wide) detected at line 84
 \TU/lmr/bx/n/12 325
 []


Overfull \hbox (1.66797pt too wide) detected at line 85
 \TU/lmr/bx/n/12 329
 []


Overfull \hbox (1.66797pt too wide) detected at line 87
 \TU/lmr/bx/n/12 335
 []

[7]
Overfull \hbox (1.66797pt too wide) detected at line 88
 \TU/lmr/bx/n/12 341
 []


Overfull \hbox (1.66797pt too wide) detected at line 89
 \TU/lmr/bx/n/12 349
 []


Overfull \hbox (1.66797pt too wide) detected at line 91
 \TU/lmr/bx/n/12 361
 []


Overfull \hbox (1.66797pt too wide) detected at line 92
 \TU/lmr/bx/n/12 373
 []


Overfull \hbox (1.66797pt too wide) detected at line 94
 \TU/lmr/bx/n/12 393
 []


Overfull \hbox (1.66797pt too wide) detected at line 95
 \TU/lmr/bx/n/12 431
 []


Overfull \hbox (1.66797pt too wide) detected at line 96
 \TU/lmr/bx/n/12 443
 []


Overfull \hbox (1.66797pt too wide) detected at line 98
 \TU/lmr/bx/n/12 459
 []


Overfull \hbox (1.66797pt too wide) detected at line 100
 \TU/lmr/bx/n/12 483
 []


Overfull \hbox (1.66797pt too wide) detected at line 101
 \TU/lmr/bx/n/12 487
 []


Overfull \hbox (1.66797pt too wide) detected at line 102
 \TU/lmr/bx/n/12 491
 []


Overfull \hbox (1.66797pt too wide) detected at line 103
 \TU/lmr/bx/n/12 497
 []


Overfull \hbox (1.66797pt too wide) detected at line 105
 \TU/lmr/bx/n/12 501
 []

[8]
Overfull \hbox (1.66797pt too wide) detected at line 106
 \TU/lmr/bx/n/12 505
 []


Overfull \hbox (1.66797pt too wide) detected at line 107
 \TU/lmr/bx/n/12 509
 []

)
\tf@toc=\write3
\openout3 = `素问.toc'.

 [9] [10

]
LaTeX Font Info:    External font `cmex10' loaded for size
(Font)              <14.05249> on input line 59.
LaTeX Font Info:    External font `cmex10' loaded for size
(Font)              <10.53937> on input line 59.
LaTeX Font Info:    External font `cmex10' loaded for size
(Font)              <7.52812> on input line 59.
LaTeX Font Info:    External font `cmex10' loaded for size
(Font)              <5> on input line 59.

Missing character: There is no ▪ (U+25AA) in font [lmroman10-regular]:mapping=t
ex-text;!
[1

]
Underfull \hbox (badness 10000) in paragraph at lines 65--66

 []

[2]
Underfull \vbox (badness 6542) has occurred while \output is active []

 [3

]
Underfull \hbox (badness 10000) in paragraph at lines 92--93

 []

[4] [1


] [2]
第一篇

Underfull \vbox (badness 1688) has occurred while \output is active []

 [3

]
Underfull \vbox (badness 10000) has occurred while \output is active []

 [4]
[5] [6] [7] [8] [9] [10

]
第二篇
[11]
Underfull \vbox (badness 3439) has occurred while \output is active []

 [12]
Underfull \vbox (badness 2503) has occurred while \output is active []

 [13]
[14] [15] [16

]
第三篇

Underfull \vbox (badness 1270) has occurred while \output is active []

 [17]
[18] [19]
Underfull \vbox (badness 10000) has occurred while \output is active []

 [20]
Underfull \vbox (badness 1565) has occurred while \output is active []

 [21]
Underfull \vbox (badness 1215) has occurred while \output is active []

 [22]
[23] [24

]
第四篇
[25]
Underfull \vbox (badness 1163) has occurred while \output is active []

 [26]
[27] [28] [29] [30

] [31] [32]
第五篇
[33

] [34] [35]
Underfull \vbox (badness 1014) has occurred while \output is active []

 [36]
Underfull \vbox (badness 7415) has occurred while \output is active []

 [37]
Underfull \vbox (badness 1824) has occurred while \output is active []

 [38]
[39]
Underfull \vbox (badness 10000) has occurred while \output is active []

 [40]
Underfull \vbox (badness 2237) has occurred while \output is active []

 [41]
Underfull \vbox (badness 5077) has occurred while \output is active []

 [42]
[43] [44

]
第六篇

Underfull \vbox (badness 10000) has occurred while \output is active []

 [45]
[46]
第七篇
[47

] [48]
Underfull \vbox (badness 1122) has occurred while \output is active []

 [49]
[50] [51

] [52]
第八篇

Underfull \vbox (badness 7814) has occurred while \output is active []

 [53

]
Underfull \vbox (badness 3449) has occurred while \output is active []

 [54]
[55] [56

]
第九篇

Underfull \vbox (badness 10000) has occurred while \output is active []

 [57]
[58] [59] [60] [61] [62] [63] [64

]
第十篇

Underfull \vbox (badness 10000) has occurred while \output is active []

 [65]
Underfull \vbox (badness 10000) has occurred while \output is active []

 [66]
[67] [68

]
第十一篇
[69] [70] [71

] [72]
第十二篇

Underfull \vbox (badness 10000) has occurred while \output is active []

 [73

]
[74] [75] [76

]
第十三篇
[77] [78] [79] [80]
第十四篇
[81

] [82] [83] [84]
第十五篇
[85

] [86]
第十六篇
[87

] [88] [89] [90

] [91] [92]
第十七篇
[93

]
Underfull \vbox (badness 1661) has occurred while \output is active []

 [94]
[95] [96]
Underfull \vbox (badness 3471) has occurred while \output is active []

 [97]
[98] [99]
Underfull \vbox (badness 10000) has occurred while \output is active []

 [100]
[101] [102

]
第十八篇
[103] [104] [105]
Underfull \vbox (badness 10000) has occurred while \output is active []

 [106]
[107] [108

] [109] [110]
第十九篇
[111

] [112] [113] [114] [115]
Underfull \vbox (badness 3049) has occurred while \output is active []

 [116]
[117] [118] [119] [120] [121] [122]
第二十篇
[123

] [124] [125]
Underfull \vbox (badness 1515) has occurred while \output is active []

 [126]
Underfull \vbox (badness 1515) has occurred while \output is active []

 [127]
[128] [129

] [130]
第二十一篇
[131

] [132] [133] [134

]
第二十二篇
[135] [136]
Underfull \vbox (badness 10000) has occurred while \output is active []

 [137]
Underfull \vbox (badness 10000) has occurred while \output is active []

 [138]
[139] [140

]
第二十三篇
[141] [142]
第二十四篇
[143

] [144] [145

] [146]
第二十五篇

Underfull \vbox (badness 3536) has occurred while \output is active []

 [147

]
[148] [149] [150]
第二十六篇
[151

] [152] [153] [154] [155] [156

]
第二十七篇
[157]
Underfull \vbox (badness 1454) has occurred while \output is active []

 [158]
Underfull \vbox (badness 10000) has occurred while \output is active []

 [159]
[160]
第二十八篇
[161

] [162]
Underfull \vbox (badness 2119) has occurred while \output is active []

 [163]
Underfull \vbox (badness 10000) has occurred while \output is active []

 [164]
[165] [166

]
第二十九篇
[167] [168]
第三十篇
[169

] [170] [171

] [172]
第三十一篇
[173

] [174] [175] [176]
第三十二篇
[177

] [178] [179] [180

]
第三十三篇
[181] [182]
Underfull \vbox (badness 10000) has occurred while \output is active []

 [183]
[184]
第三十四篇
[185

]
Underfull \vbox (badness 10000) has occurred while \output is active []

 [186]
[187] [188

] [189] [190]
第三十五篇
[191

] [192] [193] [194]
Underfull \vbox (badness 10000) has occurred while \output is active []

 [195]
[196]
第三十六篇

Underfull \vbox (badness 10000) has occurred while \output is active []

 [197

]
Underfull \vbox (badness 10000) has occurred while \output is active []

 [198]
[199] [200

]
第三十七篇
[201] [202]
第三十八篇
[203

] [204] [205] [206

] [207] [208]
第三十九篇

Underfull \vbox (badness 1412) has occurred while \output is active []

 [209

]
Underfull \vbox (badness 1292) has occurred while \output is active []

 [210]
Underfull \vbox (badness 10000) has occurred while \output is active []

 [211]
[212]
第四十篇
[213

] [214]
Underfull \vbox (badness 10000) has occurred while \output is active []

 [215]
[216]
第四十一篇
[217

] [218] [219] [220

] [221] [222]
第四十二篇
[223

] [224] [225] [226

]
第四十三篇

Underfull \vbox (badness 1603) has occurred while \output is active []

 [227]
Underfull \vbox (badness 1112) has occurred while \output is active []

 [228]
[229] [230] [231] [232

]
第四十四篇
[233] [234] [235] [236

]
第四十五篇
[237] [238] [239] [240] [241

] [242]
第四十六篇
[243

] [244] [245] [246

]
第四十七篇
[247] [248]
Underfull \vbox (badness 10000) has occurred while \output is active []

 [249]
[250]
第四十八篇
[251

]
Underfull \vbox (badness 10000) has occurred while \output is active []

 [252]
[253] [254

]
第四十九篇

Underfull \vbox (badness 2753) has occurred while \output is active []

 [255]
[256]
Underfull \vbox (badness 10000) has occurred while \output is active []

 [257]
[258] [259

] [260]
第五十篇
[261

] [262]
第五十一篇
[263

] [264

]
第五十二篇
[265] [266]
第五十三篇

Underfull \vbox (badness 1642) has occurred while \output is active []

 [267

]
[268]
第五十四篇
[269

]
Underfull \vbox (badness 10000) has occurred while \output is active []

 [270]
[271] [272

]
第五十五篇
[273]
Underfull \vbox (badness 1389) has occurred while \output is active []

 [274]
[275] [276

] [277] [278]
第五十六篇
[279

]
Underfull \vbox (badness 4859) has occurred while \output is active []

 [280]
[281] [282

]
第五十七篇
[283] [284

]
第五十八篇
[285] [286]
Underfull \vbox (badness 10000) has occurred while \output is active []

 [287]
[288]
第五十九篇
[289

] [290] [291] [292

] [293] [294]
第六十篇
[295

]
Underfull \vbox (badness 1189) has occurred while \output is active []

 [296]
Underfull \vbox (badness 10000) has occurred while \output is active []

 [297]
[298]
第六十一篇
[299

] [300] [301] [302] [303

] [304]
第六十二篇
[305

] [306] [307] [308] [309] [310] [311] [312]
Underfull \vbox (badness 4013) has occurred while \output is active []

 [313]
[314] [315] [316

] [317] [318]
第六十三篇
[319

] [320] [321]
Underfull \vbox (badness 10000) has occurred while \output is active []

 [322]
Underfull \vbox (badness 10000) has occurred while \output is active []

 [323]
[324]
第六十四篇
[325

]
Underfull \vbox (badness 1394) has occurred while \output is active []

 [326]
[327] [328

]
第六十五篇
[329] [330] [331] [332] [333

] [334]
第六十六篇
[335

]
Underfull \vbox (badness 10000) has occurred while \output is active []

 [336]
[337]
Missing character: There is no ① (U+2460) in font [lmroman12-bold]:mapping=tex-
text;!
[338] [339] [340]
第六十七篇
Missing character: There is no ① (U+2460) in font [lmroman12-bold]:mapping=tex-
text;!

Underfull \vbox (badness 1412) has occurred while \output is active []

 [341

]
[342]
Missing character: There is no ① (U+2460) in font [lmroman12-bold]:mapping=tex-
text;!
Missing character: There is no ② (U+2461) in font [lmroman12-bold]:mapping=tex-
text;!

Underfull \vbox (badness 10000) has occurred while \output is active []

 [343]
Underfull \vbox (badness 4291) has occurred while \output is active []

 [344]
Underfull \vbox (badness 10000) has occurred while \output is active []

 [345]
Underfull \vbox (badness 10000) has occurred while \output is active []

 [346]
[347] [348

]
第六十八篇
Missing character: There is no ① (U+2460) in font [lmroman12-bold]:mapping=tex-
text;!
[349]
Missing character: There is no ① (U+2460) in font [lmroman12-bold]:mapping=tex-
text;!
Missing character: There is no ③ (U+2462) in font [lmroman12-bold]:mapping=tex-
text;!
[350]
Missing character: There is no ① (U+2460) in font [lmroman12-bold]:mapping=tex-
text;!
Missing character: There is no ③ (U+2462) in font [lmroman12-bold]:mapping=tex-
text;!
[351]
Missing character: There is no ① (U+2460) in font [lmroman12-bold]:mapping=tex-
text;!
[352] [353]
Underfull \vbox (badness 10000) has occurred while \output is active []

 [354]
Underfull \vbox (badness 10000) has occurred while \output is active []

 [355]
Underfull \vbox (badness 10000) has occurred while \output is active []

 [356]
[357] [358

] [359] [360]
第六十九篇
Missing character: There is no ① (U+2460) in font [lmroman12-bold]:mapping=tex-
text;!
Missing character: There is no ① (U+2460) in font [lmroman12-bold]:mapping=tex-
text;!
Missing character: There is no ② (U+2461) in font [lmroman12-bold]:mapping=tex-
text;!
Missing character: There is no ③ (U+2462) in font [lmroman12-bold]:mapping=tex-
text;!
Missing character: There is no ④ (U+2463) in font [lmroman12-bold]:mapping=tex-
text;!
[361

]
Missing character: There is no ⑤ (U+2464) in font [lmroman12-bold]:mapping=tex-
text;!
Missing character: There is no ① (U+2460) in font [lmroman12-bold]:mapping=tex-
text;!
Missing character: There is no ② (U+2461) in font [lmroman12-bold]:mapping=tex-
text;!
Missing character: There is no ③ (U+2462) in font [lmroman12-bold]:mapping=tex-
text;!
Missing character: There is no ④ (U+2463) in font [lmroman12-bold]:mapping=tex-
text;!
Missing character: There is no ⑤ (U+2464) in font [lmroman12-bold]:mapping=tex-
text;!

Underfull \vbox (badness 10000) has occurred while \output is active []

 [362]
Missing character: There is no ① (U+2460) in font [lmroman12-bold]:mapping=tex-
text;!
Missing character: There is no ① (U+2460) in font [lmroman12-bold]:mapping=tex-
text;!

Underfull \vbox (badness 10000) has occurred while \output is active []

 [363]
Underfull \vbox (badness 1360) has occurred while \output is active []

 [364]
Missing character: There is no ① (U+2460) in font [lmroman12-bold]:mapping=tex-
text;!
Missing character: There is no ① (U+2460) in font [lmroman12-bold]:mapping=tex-
text;!
Missing character: There is no ① (U+2460) in font [lmroman12-bold]:mapping=tex-
text;!
[365]
Underfull \vbox (badness 10000) has occurred while \output is active []

 [366]
Underfull \vbox (badness 10000) has occurred while \output is active []

 [367]
Underfull \vbox (badness 10000) has occurred while \output is active []

 [368]
Underfull \vbox (badness 10000) has occurred while \output is active []

 [369]
Underfull \vbox (badness 10000) has occurred while \output is active []

 [370]
[371] [372

]
第七十篇
Missing character: There is no ① (U+2460) in font [lmroman12-bold]:mapping=tex-
text;!
Missing character: There is no ① (U+2460) in font [lmroman12-bold]:mapping=tex-
text;!
Missing character: There is no ① (U+2460) in font [lmroman12-bold]:mapping=tex-
text;!
[373]
Underfull \vbox (badness 10000) has occurred while \output is active []

 [374]
Underfull \vbox (badness 10000) has occurred while \output is active []

 [375]
Underfull \vbox (badness 3229) has occurred while \output is active []

 [376]
[377]
Missing character: There is no ① (U+2460) in font [lmroman12-bold]:mapping=tex-
text;!
[378]
Underfull \vbox (badness 1292) has occurred while \output is active []

 [379]
Underfull \vbox (badness 10000) has occurred while \output is active []

 [380]
Underfull \vbox (badness 10000) has occurred while \output is active []

 [381]
Underfull \vbox (badness 10000) has occurred while \output is active []

 [382]
Underfull \vbox (badness 10000) has occurred while \output is active []

 [383]
Underfull \vbox (badness 10000) has occurred while \output is active []

 [384]
Underfull \vbox (badness 10000) has occurred while \output is active []

 [385]
Underfull \vbox (badness 10000) has occurred while \output is active []

 [386]
Underfull \vbox (badness 10000) has occurred while \output is active []

 [387]
Underfull \vbox (badness 10000) has occurred while \output is active []

 [388]
[389] [390

] [391] [392]
第七十一篇
Missing character: There is no ① (U+2460) in font [lmroman12-bold]:mapping=tex-
text;!
Missing character: There is no ① (U+2460) in font [lmroman12-bold]:mapping=tex-
text;!

Underfull \vbox (badness 6542) has occurred while \output is active []

 [393

]
[394]
Underfull \vbox (badness 1360) has occurred while \output is active []

 [395]
Underfull \vbox (badness 10000) has occurred while \output is active []

 [396]
Missing character: There is no ① (U+2460) in font [lmroman12-bold]:mapping=tex-
text;!
Missing character: There is no ③ (U+2462) in font [lmroman12-bold]:mapping=tex-
text;!
Missing character: There is no ① (U+2460) in font [lmroman12-bold]:mapping=tex-
text;!
Missing character: There is no ② (U+2461) in font [lmroman12-bold]:mapping=tex-
text;!

Underfull \vbox (badness 10000) has occurred while \output is active []

 [397]
Underfull \vbox (badness 10000) has occurred while \output is active []

 [398]
[399]
Missing character: There is no ① (U+2460) in font [lmroman12-bold]:mapping=tex-
text;!
[400]
Missing character: There is no ② (U+2461) in font [lmroman12-bold]:mapping=tex-
text;!
Missing character: There is no ① (U+2460) in font [lmroman12-bold]:mapping=tex-
text;!
Missing character: There is no ② (U+2461) in font [lmroman12-bold]:mapping=tex-
text;!
Missing character: There is no ① (U+2460) in font [lmroman12-bold]:mapping=tex-
text;!
Missing character: There is no ② (U+2461) in font [lmroman12-bold]:mapping=tex-
text;!
Missing character: There is no ① (U+2460) in font [lmroman12-bold]:mapping=tex-
text;!
Missing character: There is no ② (U+2461) in font [lmroman12-bold]:mapping=tex-
text;!
Missing character: There is no ① (U+2460) in font [lmroman12-bold]:mapping=tex-
text;!
Missing character: There is no ① (U+2460) in font [lmroman12-bold]:mapping=tex-
text;!

Underfull \vbox (badness 10000) has occurred while \output is active []

 [401]
Underfull \vbox (badness 10000) has occurred while \output is active []

 [402]
[403]
Underfull \vbox (badness 10000) has occurred while \output is active []

 [404]
[405]
Underfull \vbox (badness 10000) has occurred while \output is active []

 [406]
[407] [408]
Underfull \vbox (badness 10000) has occurred while \output is active []

 [409]
Underfull \vbox (badness 10000) has occurred while \output is active []

 [410]
Underfull \vbox (badness 10000) has occurred while \output is active []

 [411]
Underfull \vbox (badness 10000) has occurred while \output is active []

 [412]
Underfull \vbox (badness 10000) has occurred while \output is active []

 [413]
Underfull \vbox (badness 10000) has occurred while \output is active []

 [414]
Underfull \vbox (badness 10000) has occurred while \output is active []

 [415]
Underfull \vbox (badness 10000) has occurred while \output is active []

 [416]
Underfull \vbox (badness 10000) has occurred while \output is active []

 [417]
Underfull \vbox (badness 10000) has occurred while \output is active []

 [418]
Underfull \vbox (badness 10000) has occurred while \output is active []

 [419]
Underfull \vbox (badness 10000) has occurred while \output is active []

 [420]
Underfull \vbox (badness 10000) has occurred while \output is active []

 [421]
Underfull \vbox (badness 10000) has occurred while \output is active []

 [422]
Underfull \vbox (badness 10000) has occurred while \output is active []

 [423]
Underfull \vbox (badness 10000) has occurred while \output is active []

 [424]
Underfull \vbox (badness 10000) has occurred while \output is active []

 [425]
Underfull \vbox (badness 10000) has occurred while \output is active []

 [426]
Underfull \vbox (badness 10000) has occurred while \output is active []

 [427]
Underfull \vbox (badness 10000) has occurred while \output is active []

 [428]
Underfull \vbox (badness 10000) has occurred while \output is active []

 [429]
[430]
第七十二篇
[431

] [432] [433]
Underfull \vbox (badness 1360) has occurred while \output is active []

 [434]
Underfull \vbox (badness 1360) has occurred while \output is active []

 [435]
Underfull \vbox (badness 10000) has occurred while \output is active []

 [436]
Underfull \vbox (badness 10000) has occurred while \output is active []

 [437]
Underfull \vbox (badness 10000) has occurred while \output is active []

 [438]
Underfull \vbox (badness 10000) has occurred while \output is active []

 [439]
Underfull \vbox (badness 10000) has occurred while \output is active []

 [440]
[441] [442

]
第七十三篇
[443] [444] [445] [446] [447]
Underfull \vbox (badness 3229) has occurred while \output is active []

 [448]
Underfull \vbox (badness 3058) has occurred while \output is active []

 [449]
Underfull \vbox (badness 1275) has occurred while \output is active []

 [450]
Underfull \vbox (badness 2205) has occurred while \output is active []

 [451]
Underfull \vbox (badness 4303) has occurred while \output is active []

 [452]
Underfull \vbox (badness 4303) has occurred while \output is active []

 [453]
Underfull \vbox (badness 4303) has occurred while \output is active []

 [454]
Underfull \vbox (badness 10000) has occurred while \output is active []

 [455]
[456] [457

] [458]
第七十四篇
[459

] [460] [461]
Missing character: There is no ① (U+2460) in font [lmroman12-bold]:mapping=tex-
text;!
Missing character: There is no ② (U+2461) in font [lmroman12-bold]:mapping=tex-
text;!

Underfull \vbox (badness 1360) has occurred while \output is active []

 [462]
Missing character: There is no ② (U+2461) in font [lmroman12-bold]:mapping=tex-
text;!

Underfull \vbox (badness 3229) has occurred while \output is active []

 [463]
Underfull \vbox (badness 3229) has occurred while \output is active []

 [464]
[465] [466] [467] [468] [469]
Underfull \vbox (badness 10000) has occurred while \output is active []

 [470]
[471] [472] [473] [474] [475]
Underfull \vbox (badness 4303) has occurred while \output is active []

 [476]
Underfull \vbox (badness 1275) has occurred while \output is active []

 [477]
Underfull \vbox (badness 2205) has occurred while \output is active []

 [478]
[479] [480

] [481] [482]
第七十五篇
Missing character: There is no ③ (U+2462) in font [lmroman12-bold]:mapping=tex-
text;!
Missing character: There is no ④ (U+2463) in font [lmroman12-bold]:mapping=tex-
text;!
Missing character: There is no ⑤ (U+2464) in font [lmroman12-bold]:mapping=tex-
text;!
Missing character: There is no ① (U+2460) in font [lmroman12-bold]:mapping=tex-
text;!
Missing character: There is no ② (U+2461) in font [lmroman12-bold]:mapping=tex-
text;!
Missing character: There is no ③ (U+2462) in font [lmroman12-bold]:mapping=tex-
text;!
Missing character: There is no ④ (U+2463) in font [lmroman12-bold]:mapping=tex-
text;!
Missing character: There is no ⑤ (U+2464) in font [lmroman12-bold]:mapping=tex-
text;!
[483

] [484] [485] [486

]
第七十六篇
Missing character: There is no ① (U+2460) in font [lmroman12-bold]:mapping=tex-
text;!
[487]
Missing character: There is no ① (U+2460) in font [lmroman12-bold]:mapping=tex-
text;!
Missing character: There is no ① (U+2460) in font [lmroman12-bold]:mapping=tex-
text;!

Underfull \vbox (badness 1515) has occurred while \output is active []

 [488]
[489] [490

]
第七十七篇
[491] [492] [493]
Missing character: There is no ② (U+2461) in font [lmroman12-bold]:mapping=tex-
text;!
[494] [495] [496

]
第七十八篇
[497] [498] [499

] [500]
第七十九篇
Missing character: There is no ① (U+2460) in font [lmroman12-bold]:mapping=tex-
text;!
Missing character: There is no ① (U+2460) in font [lmroman12-bold]:mapping=tex-
text;!
Missing character: There is no ③ (U+2462) in font [lmroman12-bold]:mapping=tex-
text;!
[501

]
Missing character: There is no ② (U+2461) in font [lmroman12-bold]:mapping=tex-
text;!
[502] [503] [504]
第八十篇
Missing character: There is no ① (U+2460) in font [lmroman12-bold]:mapping=tex-
text;!
Missing character: There is no ② (U+2461) in font [lmroman12-bold]:mapping=tex-
text;!
Missing character: There is no ③ (U+2462) in font [lmroman12-bold]:mapping=tex-
text;!
Missing character: There is no ① (U+2460) in font [lmroman12-bold]:mapping=tex-
text;!

Underfull \vbox (badness 1412) has occurred while \output is active []

 [505

]
[506] [507] [508

]
第八十一篇
Missing character: There is no ① (U+2460) in font [lmroman12-bold]:mapping=tex-
text;!
[509] [510] [511] (./素问.aux)
 ***********
LaTeX2e <2023-06-01> patch level 1
L3 programming layer <2022/07/14>
 ***********
 ) 
Here is how much of TeX's memory you used:
 9173 strings out of 475591
 318279 string characters out of 5777374
 2395432 words of memory out of 5000000
 30443 multiletter control sequences out of 15000+600000
 563665 words of font info for 87 fonts, out of 8000000 for 9000
 1348 hyphenation exceptions out of 8191
 93i,8n,97p,2179b,398s stack positions out of 10000i,1000n,20000p,200000b,200000s

Output written on 素问.pdf (525 pages).
